<?xml version="1.0" encoding="UTF-8"?>
<testng-results ignored="0" total="8" passed="8" failed="0" skipped="0">
  <reporter-output>
  </reporter-output>
  <suite started-at="2020-05-15T09:58:47 IST" name="Surefire suite" finished-at="2020-05-15T09:59:35 IST" duration-ms="48135">
    <groups>
      <group name="cucumber">
        <method signature="AbstractTestNGCucumberTests.runScenario(io.cucumber.testng.PickleWrapper, io.cucumber.testng.FeatureWrapper)[pri:0, instance:com.cucumber.RunCucumberTest@78a2da20]" name="runScenario" class="io.cucumber.testng.AbstractTestNGCucumberTests"/>
      </group> <!-- cucumber -->
    </groups>
    <test started-at="2020-05-15T09:58:47 IST" name="Surefire test" finished-at="2020-05-15T09:59:35 IST" duration-ms="48135">
      <class name="com.cucumber.RunCucumberTest">
        <test-method is-config="true" signature="setUpClass()[pri:0, instance:com.cucumber.RunCucumberTest@78a2da20]" started-at="2020-05-15T09:58:47 IST" name="setUpClass" finished-at="2020-05-15T09:58:48 IST" duration-ms="455" status="PASS">
          <reporter-output>
          </reporter-output>
        </test-method> <!-- setUpClass -->
        <test-method is-config="true" signature="beforeMethod(org.testng.ITestContext)[pri:0, instance:com.cucumber.RunCucumberTest@78a2da20]" started-at="2020-05-15T09:58:48 IST" name="beforeMethod" finished-at="2020-05-15T09:58:48 IST" duration-ms="8" status="PASS">
          <params>
            <param index="0">
              <value>
                <![CDATA[org.testng.TestRunner@3b2cf7ab]]>
              </value>
            </param>
          </params>
          <reporter-output>
          </reporter-output>
        </test-method> <!-- beforeMethod -->
        <test-method is-config="true" signature="beforeMethod(org.testng.ITestContext)[pri:0, instance:com.cucumber.RunCucumberTest@78a2da20]" started-at="2020-05-15T09:58:48 IST" name="beforeMethod" finished-at="2020-05-15T09:58:48 IST" duration-ms="7" status="PASS">
          <params>
            <param index="0">
              <value>
                <![CDATA[org.testng.TestRunner@3b2cf7ab]]>
              </value>
            </param>
          </params>
          <reporter-output>
          </reporter-output>
        </test-method> <!-- beforeMethod -->
        <test-method is-config="true" signature="beforeMethod(org.testng.ITestContext)[pri:0, instance:com.cucumber.RunCucumberTest@78a2da20]" started-at="2020-05-15T09:58:48 IST" name="beforeMethod" finished-at="2020-05-15T09:58:48 IST" duration-ms="12" status="PASS">
          <params>
            <param index="0">
              <value>
                <![CDATA[org.testng.TestRunner@3b2cf7ab]]>
              </value>
            </param>
          </params>
          <reporter-output>
          </reporter-output>
        </test-method> <!-- beforeMethod -->
        <test-method is-config="true" signature="beforeMethod(org.testng.ITestContext)[pri:0, instance:com.cucumber.RunCucumberTest@78a2da20]" started-at="2020-05-15T09:58:48 IST" name="beforeMethod" finished-at="2020-05-15T09:58:48 IST" duration-ms="9" status="PASS">
          <params>
            <param index="0">
              <value>
                <![CDATA[org.testng.TestRunner@3b2cf7ab]]>
              </value>
            </param>
          </params>
          <reporter-output>
          </reporter-output>
        </test-method> <!-- beforeMethod -->
        <test-method is-config="true" signature="beforeMethod(org.testng.ITestContext)[pri:0, instance:com.cucumber.RunCucumberTest@78a2da20]" started-at="2020-05-15T09:58:48 IST" name="beforeMethod" finished-at="2020-05-15T09:58:48 IST" duration-ms="11" status="PASS">
          <params>
            <param index="0">
              <value>
                <![CDATA[org.testng.TestRunner@3b2cf7ab]]>
              </value>
            </param>
          </params>
          <reporter-output>
          </reporter-output>
        </test-method> <!-- beforeMethod -->
        <test-method is-config="true" signature="beforeMethod(org.testng.ITestContext)[pri:0, instance:com.cucumber.RunCucumberTest@78a2da20]" started-at="2020-05-15T09:58:48 IST" name="beforeMethod" finished-at="2020-05-15T09:58:48 IST" duration-ms="7" status="PASS">
          <params>
            <param index="0">
              <value>
                <![CDATA[org.testng.TestRunner@3b2cf7ab]]>
              </value>
            </param>
          </params>
          <reporter-output>
          </reporter-output>
        </test-method> <!-- beforeMethod -->
        <test-method is-config="true" signature="beforeMethod(org.testng.ITestContext)[pri:0, instance:com.cucumber.RunCucumberTest@78a2da20]" started-at="2020-05-15T09:58:48 IST" name="beforeMethod" finished-at="2020-05-15T09:58:48 IST" duration-ms="4" status="PASS">
          <params>
            <param index="0">
              <value>
                <![CDATA[org.testng.TestRunner@3b2cf7ab]]>
              </value>
            </param>
          </params>
          <reporter-output>
          </reporter-output>
        </test-method> <!-- beforeMethod -->
        <test-method is-config="true" signature="beforeMethod(org.testng.ITestContext)[pri:0, instance:com.cucumber.RunCucumberTest@78a2da20]" started-at="2020-05-15T09:58:48 IST" name="beforeMethod" finished-at="2020-05-15T09:58:48 IST" duration-ms="2" status="PASS">
          <params>
            <param index="0">
              <value>
                <![CDATA[org.testng.TestRunner@3b2cf7ab]]>
              </value>
            </param>
          </params>
          <reporter-output>
          </reporter-output>
        </test-method> <!-- beforeMethod -->
        <test-method signature="runScenario(io.cucumber.testng.PickleWrapper, io.cucumber.testng.FeatureWrapper)[pri:0, instance:com.cucumber.RunCucumberTest@78a2da20]" started-at="2020-05-15T09:58:48 IST" name="runScenario" description="Runs Cucumber Scenarios" data-provider="scenarios" finished-at="2020-05-15T09:59:25 IST" duration-ms="37094" status="PASS">
          <params>
            <param index="0">
              <value>
                <![CDATA["To Verify the Login with Valid Credentials"]]>
              </value>
            </param>
            <param index="1">
              <value>
                <![CDATA["Login with Valid Credentials"]]>
              </value>
            </param>
          </params>
          <reporter-output>
          </reporter-output>
        </test-method> <!-- runScenario -->
        <test-method signature="runScenario(io.cucumber.testng.PickleWrapper, io.cucumber.testng.FeatureWrapper)[pri:0, instance:com.cucumber.RunCucumberTest@78a2da20]" started-at="2020-05-15T09:58:48 IST" name="runScenario" description="Runs Cucumber Scenarios" data-provider="scenarios" finished-at="2020-05-15T09:59:34 IST" duration-ms="46571" status="PASS">
          <params>
            <param index="0">
              <value>
                <![CDATA["To Verify the domestic fund transfer"]]>
              </value>
            </param>
            <param index="1">
              <value>
                <![CDATA["Demo_Bank Domestic Fund Transfer Validation"]]>
              </value>
            </param>
          </params>
          <reporter-output>
          </reporter-output>
        </test-method> <!-- runScenario -->
        <test-method signature="runScenario(io.cucumber.testng.PickleWrapper, io.cucumber.testng.FeatureWrapper)[pri:0, instance:com.cucumber.RunCucumberTest@78a2da20]" started-at="2020-05-15T09:58:48 IST" name="runScenario" description="Runs Cucumber Scenarios" data-provider="scenarios" finished-at="2020-05-15T09:59:34 IST" duration-ms="45935" status="PASS">
          <params>
            <param index="0">
              <value>
                <![CDATA["To Verify the domestic fund transfer"]]>
              </value>
            </param>
            <param index="1">
              <value>
                <![CDATA["Demo_Bank Domestic Fund Transfer Validation"]]>
              </value>
            </param>
          </params>
          <reporter-output>
          </reporter-output>
        </test-method> <!-- runScenario -->
        <test-method signature="runScenario(io.cucumber.testng.PickleWrapper, io.cucumber.testng.FeatureWrapper)[pri:0, instance:com.cucumber.RunCucumberTest@78a2da20]" started-at="2020-05-15T09:58:48 IST" name="runScenario" description="Runs Cucumber Scenarios" data-provider="scenarios" finished-at="2020-05-15T09:59:19 IST" duration-ms="31147" status="PASS">
          <params>
            <param index="0">
              <value>
                <![CDATA["To Verify the signup with Valid Credentials"]]>
              </value>
            </param>
            <param index="1">
              <value>
                <![CDATA["Sign out from the application"]]>
              </value>
            </param>
          </params>
          <reporter-output>
          </reporter-output>
        </test-method> <!-- runScenario -->
        <test-method signature="runScenario(io.cucumber.testng.PickleWrapper, io.cucumber.testng.FeatureWrapper)[pri:0, instance:com.cucumber.RunCucumberTest@78a2da20]" started-at="2020-05-15T09:58:48 IST" name="runScenario" description="Runs Cucumber Scenarios" data-provider="scenarios" finished-at="2020-05-15T09:59:33 IST" duration-ms="45468" status="PASS">
          <params>
            <param index="0">
              <value>
                <![CDATA["To Verify the domestic fund transfer"]]>
              </value>
            </param>
            <param index="1">
              <value>
                <![CDATA["Demo_Bank Domestic Fund Transfer Validation"]]>
              </value>
            </param>
          </params>
          <reporter-output>
          </reporter-output>
        </test-method> <!-- runScenario -->
        <test-method signature="runScenario(io.cucumber.testng.PickleWrapper, io.cucumber.testng.FeatureWrapper)[pri:0, instance:com.cucumber.RunCucumberTest@78a2da20]" started-at="2020-05-15T09:58:48 IST" name="runScenario" description="Runs Cucumber Scenarios" data-provider="scenarios" finished-at="2020-05-15T09:59:20 IST" duration-ms="32538" status="PASS">
          <params>
            <param index="0">
              <value>
                <![CDATA["To Verify the signup with Valid Credentials"]]>
              </value>
            </param>
            <param index="1">
              <value>
                <![CDATA["Sign up for a new account"]]>
              </value>
            </param>
          </params>
          <reporter-output>
          </reporter-output>
        </test-method> <!-- runScenario -->
        <test-method signature="runScenario(io.cucumber.testng.PickleWrapper, io.cucumber.testng.FeatureWrapper)[pri:0, instance:com.cucumber.RunCucumberTest@78a2da20]" started-at="2020-05-15T09:58:48 IST" name="runScenario" description="Runs Cucumber Scenarios" data-provider="scenarios" finished-at="2020-05-15T09:59:33 IST" duration-ms="45468" status="PASS">
          <params>
            <param index="0">
              <value>
                <![CDATA["To Verify the domestic fund transfer"]]>
              </value>
            </param>
            <param index="1">
              <value>
                <![CDATA["Demo_Bank Domestic Fund Transfer Validation"]]>
              </value>
            </param>
          </params>
          <reporter-output>
          </reporter-output>
        </test-method> <!-- runScenario -->
        <test-method signature="runScenario(io.cucumber.testng.PickleWrapper, io.cucumber.testng.FeatureWrapper)[pri:0, instance:com.cucumber.RunCucumberTest@78a2da20]" started-at="2020-05-15T09:58:48 IST" name="runScenario" description="Runs Cucumber Scenarios" data-provider="scenarios" finished-at="2020-05-15T09:59:34 IST" duration-ms="46584" status="PASS">
          <params>
            <param index="0">
              <value>
                <![CDATA["To Verify the domestic fund transfer"]]>
              </value>
            </param>
            <param index="1">
              <value>
                <![CDATA["Demo_Bank Domestic Fund Transfer Validation"]]>
              </value>
            </param>
          </params>
          <reporter-output>
          </reporter-output>
        </test-method> <!-- runScenario -->
        <test-method is-config="true" signature="afterMethod(org.testng.ITestContext)[pri:0, instance:com.cucumber.RunCucumberTest@78a2da20]" started-at="2020-05-15T09:59:19 IST" name="afterMethod" finished-at="2020-05-15T09:59:19 IST" duration-ms="0" status="PASS">
          <params>
            <param index="0">
              <value>
                <![CDATA[org.testng.TestRunner@3b2cf7ab]]>
              </value>
            </param>
          </params>
          <reporter-output>
          </reporter-output>
        </test-method> <!-- afterMethod -->
        <test-method is-config="true" signature="afterMethod(org.testng.ITestContext)[pri:0, instance:com.cucumber.RunCucumberTest@78a2da20]" started-at="2020-05-15T09:59:20 IST" name="afterMethod" finished-at="2020-05-15T09:59:20 IST" duration-ms="0" status="PASS">
          <params>
            <param index="0">
              <value>
                <![CDATA[org.testng.TestRunner@3b2cf7ab]]>
              </value>
            </param>
          </params>
          <reporter-output>
          </reporter-output>
        </test-method> <!-- afterMethod -->
        <test-method is-config="true" signature="afterMethod(org.testng.ITestContext)[pri:0, instance:com.cucumber.RunCucumberTest@78a2da20]" started-at="2020-05-15T09:59:25 IST" name="afterMethod" finished-at="2020-05-15T09:59:25 IST" duration-ms="0" status="PASS">
          <params>
            <param index="0">
              <value>
                <![CDATA[org.testng.TestRunner@3b2cf7ab]]>
              </value>
            </param>
          </params>
          <reporter-output>
          </reporter-output>
        </test-method> <!-- afterMethod -->
        <test-method is-config="true" signature="afterMethod(org.testng.ITestContext)[pri:0, instance:com.cucumber.RunCucumberTest@78a2da20]" started-at="2020-05-15T09:59:33 IST" name="afterMethod" finished-at="2020-05-15T09:59:33 IST" duration-ms="0" status="PASS">
          <params>
            <param index="0">
              <value>
                <![CDATA[org.testng.TestRunner@3b2cf7ab]]>
              </value>
            </param>
          </params>
          <reporter-output>
          </reporter-output>
        </test-method> <!-- afterMethod -->
        <test-method is-config="true" signature="afterMethod(org.testng.ITestContext)[pri:0, instance:com.cucumber.RunCucumberTest@78a2da20]" started-at="2020-05-15T09:59:33 IST" name="afterMethod" finished-at="2020-05-15T09:59:33 IST" duration-ms="0" status="PASS">
          <params>
            <param index="0">
              <value>
                <![CDATA[org.testng.TestRunner@3b2cf7ab]]>
              </value>
            </param>
          </params>
          <reporter-output>
          </reporter-output>
        </test-method> <!-- afterMethod -->
        <test-method is-config="true" signature="afterMethod(org.testng.ITestContext)[pri:0, instance:com.cucumber.RunCucumberTest@78a2da20]" started-at="2020-05-15T09:59:34 IST" name="afterMethod" finished-at="2020-05-15T09:59:34 IST" duration-ms="2" status="PASS">
          <params>
            <param index="0">
              <value>
                <![CDATA[org.testng.TestRunner@3b2cf7ab]]>
              </value>
            </param>
          </params>
          <reporter-output>
          </reporter-output>
        </test-method> <!-- afterMethod -->
        <test-method is-config="true" signature="afterMethod(org.testng.ITestContext)[pri:0, instance:com.cucumber.RunCucumberTest@78a2da20]" started-at="2020-05-15T09:59:34 IST" name="afterMethod" finished-at="2020-05-15T09:59:34 IST" duration-ms="1" status="PASS">
          <params>
            <param index="0">
              <value>
                <![CDATA[org.testng.TestRunner@3b2cf7ab]]>
              </value>
            </param>
          </params>
          <reporter-output>
          </reporter-output>
        </test-method> <!-- afterMethod -->
        <test-method is-config="true" signature="afterMethod(org.testng.ITestContext)[pri:0, instance:com.cucumber.RunCucumberTest@78a2da20]" started-at="2020-05-15T09:59:34 IST" name="afterMethod" finished-at="2020-05-15T09:59:34 IST" duration-ms="1" status="PASS">
          <params>
            <param index="0">
              <value>
                <![CDATA[org.testng.TestRunner@3b2cf7ab]]>
              </value>
            </param>
          </params>
          <reporter-output>
          </reporter-output>
        </test-method> <!-- afterMethod -->
        <test-method is-config="true" signature="tearDownClass()[pri:0, instance:com.cucumber.RunCucumberTest@78a2da20]" started-at="2020-05-15T09:59:34 IST" name="tearDownClass" finished-at="2020-05-15T09:59:35 IST" duration-ms="1026" status="PASS">
          <reporter-output>
          </reporter-output>
        </test-method> <!-- tearDownClass -->
      </class> <!-- com.cucumber.RunCucumberTest -->
    </test> <!-- Surefire test -->
  </suite> <!-- Surefire suite -->
</testng-results>
